[2025/01/31 11:53:31.581] - Starting server with initial configuration: {"gasLimit":6721975,"gasPrice":20000000000,"hardfork":"merge","hostname":"127.0.0.1","port":7545,"network_id":5777,"default_balance_ether":100,"total_accounts":3,"unlocked_accounts":[],"locked":false,"vmErrorsOnRPCResponse":true,"verbose":false,"flavor":"ethereum","db_path":"C:\\Users\\neilg\\AppData\\Roaming\\Ganache\\ui\\workspaces\\scattered-steel\\chaindata","mnemonic":"portion few target intact crazy trip coin modify meat grow embrace question","logDirectory":"E:\\GitHub\\chainstaterealty\\ganache_logs"}
[2025/01/31 11:53:31.684] - eth_subscribe
[2025/01/31 11:53:31.686] - eth_getLogs
[2025/01/31 11:53:31.686] - eth_subscribe
[2025/01/31 11:53:31.688] - eth_subscribe
[2025/01/31 11:53:31.688] - eth_getLogs
[2025/01/31 11:53:31.688] - eth_subscribe
[2025/01/31 11:53:31.701] - eth_blockNumber
[2025/01/31 11:53:31.701] - eth_accounts
[2025/01/31 11:53:31.702] - eth_gasPrice
[2025/01/31 11:53:31.702] - eth_getBlockByNumber
[2025/01/31 11:53:31.702] - eth_subscribe
[2025/01/31 11:53:31.708] - eth_accounts
[2025/01/31 11:53:31.721] - eth_getBalance
[2025/01/31 11:53:31.722] - eth_getTransactionCount
[2025/01/31 11:53:31.724] - eth_getBalance
[2025/01/31 11:53:31.726] - eth_getTransactionCount
[2025/01/31 11:53:31.727] - eth_getBalance
[2025/01/31 11:53:31.728] - eth_getTransactionCount
[2025/01/31 11:53:31.729] - eth_blockNumber
[2025/01/31 11:53:31.729] - eth_accounts
[2025/01/31 11:53:31.730] - eth_gasPrice
[2025/01/31 11:53:31.737] - eth_getTransactionCount
[2025/01/31 11:53:31.738] - eth_getBalance
[2025/01/31 11:53:31.739] - eth_getTransactionCount
[2025/01/31 11:53:31.741] - eth_getBalance
[2025/01/31 11:53:31.742] - eth_getTransactionCount
[2025/01/31 11:53:31.745] - eth_getBlockByNumber
[2025/01/31 11:53:31.745] - eth_subscribe
[2025/01/31 11:53:31.767] - eth_getBalance
[2025/01/31 11:53:31.768] - eth_getTransactionCount
[2025/01/31 11:53:31.768] - eth_getBalance
[2025/01/31 11:53:31.769] - eth_getTransactionCount
[2025/01/31 11:53:31.770] - eth_getBalance
[2025/01/31 11:53:31.771] - eth_getTransactionCount
[2025/01/31 11:53:31.772] - eth_getBalance
[2025/01/31 11:53:31.773] - eth_getTransactionCount
[2025/01/31 11:53:31.775] - eth_getBalance
[2025/01/31 11:53:31.775] - eth_getTransactionCount
[2025/01/31 11:53:31.776] - eth_getBalance
[2025/01/31 11:53:31.777] - eth_getTransactionCount
[2025/01/31 12:20:01.267] - eth_blockNumber
[2025/01/31 12:20:01.275] - net_version
[2025/01/31 12:20:01.278] - eth_accounts
[2025/01/31 12:20:01.285] - eth_getBlockByNumber
[2025/01/31 12:20:01.288] - eth_accounts
[2025/01/31 12:20:01.303] - net_version
[2025/01/31 12:20:01.306] - eth_getBlockByNumber
[2025/01/31 12:20:01.309] - eth_getBlockByNumber
[2025/01/31 12:20:01.312] - net_version
[2025/01/31 12:20:01.314] - eth_getBlockByNumber
[2025/01/31 12:20:01.320] - eth_estimateGas
[2025/01/31 12:20:01.362] - net_version
[2025/01/31 12:20:01.363] - eth_blockNumber
[2025/01/31 12:20:01.365] - eth_getBlockByNumber
[2025/01/31 12:20:01.368] - eth_estimateGas
[2025/01/31 12:24:16.060] - eth_blockNumber
[2025/01/31 12:24:16.067] - net_version
[2025/01/31 12:24:16.070] - eth_accounts
[2025/01/31 12:24:16.076] - eth_getBlockByNumber
[2025/01/31 12:24:16.079] - eth_accounts
[2025/01/31 12:24:16.091] - net_version
[2025/01/31 12:24:16.094] - eth_getBlockByNumber
[2025/01/31 12:24:16.096] - eth_getBlockByNumber
[2025/01/31 12:24:16.098] - net_version
[2025/01/31 12:24:16.100] - eth_getBlockByNumber
[2025/01/31 12:24:16.104] - eth_estimateGas
[2025/01/31 12:24:16.126] - net_version
[2025/01/31 12:24:16.126] - eth_blockNumber
[2025/01/31 12:24:16.128] - eth_getBlockByNumber
[2025/01/31 12:24:16.130] - eth_estimateGas
[2025/01/31 12:25:33.451] - eth_blockNumber
[2025/01/31 12:25:33.458] - net_version
[2025/01/31 12:25:33.461] - eth_accounts
[2025/01/31 12:25:33.467] - eth_getBlockByNumber
[2025/01/31 12:25:33.470] - eth_accounts
[2025/01/31 12:25:58.125] - eth_blockNumber
[2025/01/31 12:25:58.132] - net_version
[2025/01/31 12:25:58.134] - eth_accounts
[2025/01/31 12:25:58.140] - eth_getBlockByNumber
[2025/01/31 12:25:58.144] - eth_accounts
[2025/01/31 12:25:58.155] - net_version
[2025/01/31 12:25:58.158] - eth_getBlockByNumber
[2025/01/31 12:25:58.160] - eth_getBlockByNumber
[2025/01/31 12:25:58.163] - net_version
[2025/01/31 12:25:58.165] - eth_getBlockByNumber
[2025/01/31 12:25:58.169] - eth_estimateGas
[2025/01/31 12:25:58.192] - net_version
[2025/01/31 12:25:58.193] - eth_blockNumber
[2025/01/31 12:25:58.194] - eth_getBlockByNumber
[2025/01/31 12:25:58.197] - eth_estimateGas
[2025/01/31 12:28:36.085] - eth_blockNumber
[2025/01/31 12:28:36.093] - net_version
[2025/01/31 12:28:36.095] - eth_accounts
[2025/01/31 12:28:36.102] - eth_getBlockByNumber
[2025/01/31 12:28:36.105] - eth_accounts
[2025/01/31 12:28:36.117] - net_version
[2025/01/31 12:28:36.120] - eth_getBlockByNumber
[2025/01/31 12:28:36.123] - eth_getBlockByNumber
[2025/01/31 12:28:36.126] - net_version
[2025/01/31 12:28:36.129] - eth_getBlockByNumber
[2025/01/31 12:28:36.133] - eth_estimateGas
[2025/01/31 12:28:36.165] - net_version
[2025/01/31 12:28:36.166] - eth_blockNumber
[2025/01/31 12:28:36.168] - eth_getBlockByNumber
[2025/01/31 12:28:36.170] - eth_estimateGas
[2025/01/31 12:29:34.980] - eth_blockNumber
[2025/01/31 12:29:34.988] - net_version
[2025/01/31 12:29:34.990] - eth_accounts
[2025/01/31 12:29:34.997] - eth_getBlockByNumber
[2025/01/31 12:29:35.000] - eth_accounts
[2025/01/31 12:29:35.012] - net_version
[2025/01/31 12:29:35.015] - eth_getBlockByNumber
[2025/01/31 12:29:35.018] - eth_getBlockByNumber
[2025/01/31 12:29:35.020] - net_version
[2025/01/31 12:29:35.023] - eth_getBlockByNumber
[2025/01/31 12:29:35.028] - eth_estimateGas
[2025/01/31 12:29:35.062] - net_version
[2025/01/31 12:29:35.062] - eth_blockNumber
[2025/01/31 12:29:35.064] - eth_getBlockByNumber
[2025/01/31 12:29:35.067] - eth_estimateGas
[2025/01/31 12:30:43.973] - eth_blockNumber
[2025/01/31 12:30:43.981] - net_version
[2025/01/31 12:30:43.983] - eth_accounts
[2025/01/31 12:30:43.990] - eth_getBlockByNumber
[2025/01/31 12:30:43.993] - eth_accounts
[2025/01/31 12:30:44.004] - net_version
[2025/01/31 12:30:44.008] - eth_getBlockByNumber
[2025/01/31 12:30:44.010] - eth_getBlockByNumber
[2025/01/31 12:30:44.013] - net_version
[2025/01/31 12:30:44.015] - eth_getBlockByNumber
[2025/01/31 12:30:44.019] - eth_estimateGas
[2025/01/31 12:30:44.038] - net_version
[2025/01/31 12:30:44.039] - eth_blockNumber
[2025/01/31 12:30:44.040] - eth_getBlockByNumber
[2025/01/31 12:30:44.043] - eth_estimateGas
[2025/01/31 12:32:02.650] - eth_blockNumber
[2025/01/31 12:32:02.658] - net_version
[2025/01/31 12:32:02.660] - eth_accounts
[2025/01/31 12:32:02.665] - eth_getBlockByNumber
[2025/01/31 12:32:02.668] - eth_accounts
[2025/01/31 12:32:02.679] - net_version
[2025/01/31 12:32:02.682] - eth_getBlockByNumber
[2025/01/31 12:32:02.684] - eth_getBlockByNumber
[2025/01/31 12:32:02.686] - net_version
[2025/01/31 12:32:02.688] - eth_getBlockByNumber
[2025/01/31 12:32:02.692] - eth_estimateGas
[2025/01/31 12:32:02.714] - net_version
[2025/01/31 12:32:02.715] - eth_blockNumber
[2025/01/31 12:32:02.716] - eth_getBlockByNumber
[2025/01/31 12:32:02.718] - eth_estimateGas
[2025/01/31 12:33:04.291] - eth_unsubscribe
[2025/01/31 12:33:04.292] - eth_unsubscribe
