[2025/02/05 19:06:08.756] - Starting server with initial configuration: {"gasLimit":6721975,"gasPrice":20000000000,"hardfork":"merge","hostname":"127.0.0.1","port":7545,"network_id":5777,"default_balance_ether":100,"total_accounts":3,"unlocked_accounts":[],"locked":false,"vmErrorsOnRPCResponse":true,"verbose":false,"flavor":"ethereum","db_path":"C:\\Users\\neilg\\AppData\\Roaming\\Ganache\\ui\\workspaces\\project4\\chaindata","mnemonic":"portion few target intact crazy trip coin modify meat grow embrace question","logDirectory":"E:\\GitHub\\chainstaterealty\\ganache_logs"}
[2025/02/05 19:06:08.909] - eth_getCode
[2025/02/05 19:06:08.910] - eth_subscribe
[2025/02/05 19:06:08.910] - eth_getLogs
[2025/02/05 19:06:08.911] - eth_subscribe
[2025/02/05 19:06:08.920] - eth_getCode
[2025/02/05 19:06:08.924] - eth_getCode
[2025/02/05 19:06:08.971] - eth_getCode
[2025/02/05 19:06:08.972] - eth_subscribe
[2025/02/05 19:06:08.972] - eth_getLogs
[2025/02/05 19:06:08.972] - eth_subscribe
[2025/02/05 19:06:08.975] - eth_getCode
[2025/02/05 19:06:08.977] - eth_getCode
[2025/02/05 19:06:09.036] - eth_gasPrice
[2025/02/05 19:06:09.037] - eth_getBlockByNumber
[2025/02/05 19:06:09.037] - eth_subscribe
[2025/02/05 19:06:09.041] - eth_getBlockByNumber
[2025/02/05 19:06:09.042] - eth_subscribe
[2025/02/05 19:06:09.093] - eth_blockNumber
[2025/02/05 19:06:09.093] - eth_accounts
[2025/02/05 19:06:09.094] - eth_blockNumber
[2025/02/05 19:06:09.094] - eth_accounts
[2025/02/05 19:06:09.094] - eth_gasPrice
[2025/02/05 19:06:09.130] - eth_getBalance
[2025/02/05 19:06:09.135] - eth_getTransactionCount
[2025/02/05 19:06:09.139] - eth_getBalance
[2025/02/05 19:06:09.144] - eth_getTransactionCount
[2025/02/05 19:06:09.149] - eth_getBalance
[2025/02/05 19:06:09.154] - eth_getTransactionCount
[2025/02/05 19:06:09.159] - eth_getBalance
[2025/02/05 19:06:09.164] - eth_getTransactionCount
[2025/02/05 19:06:09.168] - eth_getBalance
[2025/02/05 19:06:09.174] - eth_getTransactionCount
[2025/02/05 19:06:09.179] - eth_getBalance
[2025/02/05 19:06:09.183] - eth_getTransactionCount
[2025/02/05 19:06:09.213] - eth_getBalance
[2025/02/05 19:06:09.216] - eth_getTransactionCount
[2025/02/05 19:06:09.221] - eth_getBalance
[2025/02/05 19:06:09.225] - eth_getTransactionCount
[2025/02/05 19:06:09.229] - eth_getBalance
[2025/02/05 19:06:09.233] - eth_getTransactionCount
[2025/02/05 19:06:09.237] - eth_getBalance
[2025/02/05 19:06:09.241] - eth_getTransactionCount
[2025/02/05 19:06:09.246] - eth_getBalance
[2025/02/05 19:06:09.250] - eth_getTransactionCount
[2025/02/05 19:06:09.254] - eth_getBalance
[2025/02/05 19:06:09.259] - eth_getTransactionCount
[2025/02/05 19:06:26.323] - eth_call
[2025/02/05 19:06:33.634] - eth_unsubscribe
[2025/02/05 19:06:33.635] - eth_unsubscribe
