[2025/01/31 12:33:04.392] - Starting server with initial configuration: {"gasLimit":6721975,"gasPrice":20000000000,"hardfork":"merge","hostname":"127.0.0.1","port":7545,"network_id":5777,"default_balance_ether":100,"total_accounts":3,"unlocked_accounts":[],"locked":false,"vmErrorsOnRPCResponse":true,"verbose":false,"flavor":"ethereum","db_path":"C:\\Users\\neilg\\AppData\\Roaming\\Ganache\\ui\\workspaces\\scattered-steel\\chaindata","mnemonic":"portion few target intact crazy trip coin modify meat grow embrace question","logDirectory":"E:\\GitHub\\chainstaterealty\\ganache_logs"}
[2025/01/31 12:33:04.519] - eth_subscribe
[2025/01/31 12:33:04.520] - eth_getLogs
[2025/01/31 12:33:04.520] - eth_subscribe
[2025/01/31 12:33:04.563] - eth_subscribe
[2025/01/31 12:33:04.563] - eth_getLogs
[2025/01/31 12:33:04.563] - eth_subscribe
[2025/01/31 12:33:04.600] - eth_blockNumber
[2025/01/31 12:33:04.600] - eth_accounts
[2025/01/31 12:33:04.600] - eth_gasPrice
[2025/01/31 12:33:04.600] - eth_getBlockByNumber
[2025/01/31 12:33:04.601] - eth_subscribe
[2025/01/31 12:33:04.601] - eth_blockNumber
[2025/01/31 12:33:04.602] - eth_accounts
[2025/01/31 12:33:04.602] - eth_gasPrice
[2025/01/31 12:33:04.602] - eth_getBlockByNumber
[2025/01/31 12:33:04.602] - eth_subscribe
[2025/01/31 12:33:04.652] - eth_getBalance
[2025/01/31 12:33:04.656] - eth_getTransactionCount
[2025/01/31 12:33:04.660] - eth_getBalance
[2025/01/31 12:33:04.663] - eth_getTransactionCount
[2025/01/31 12:33:04.668] - eth_getBalance
[2025/01/31 12:33:04.671] - eth_getTransactionCount
[2025/01/31 12:33:04.675] - eth_getBalance
[2025/01/31 12:33:04.679] - eth_getTransactionCount
[2025/01/31 12:33:04.683] - eth_getBalance
[2025/01/31 12:33:04.686] - eth_getTransactionCount
[2025/01/31 12:33:04.690] - eth_getBalance
[2025/01/31 12:33:04.694] - eth_getTransactionCount
[2025/01/31 12:33:04.699] - eth_getBalance
[2025/01/31 12:33:04.702] - eth_getTransactionCount
[2025/01/31 12:33:04.707] - eth_getBalance
[2025/01/31 12:33:04.710] - eth_getTransactionCount
[2025/01/31 12:33:04.713] - eth_getBalance
[2025/01/31 12:33:04.716] - eth_getTransactionCount
[2025/01/31 12:33:04.720] - eth_getBalance
[2025/01/31 12:33:04.724] - eth_getTransactionCount
[2025/01/31 12:33:04.727] - eth_getBalance
[2025/01/31 12:33:04.731] - eth_getTransactionCount
[2025/01/31 12:33:04.735] - eth_getBalance
[2025/01/31 12:33:04.738] - eth_getTransactionCount
[2025/01/31 12:36:31.232] - eth_blockNumber
[2025/01/31 12:36:31.240] - net_version
[2025/01/31 12:36:31.242] - eth_accounts
[2025/01/31 12:36:31.248] - eth_getBlockByNumber
[2025/01/31 12:36:31.252] - eth_accounts
[2025/01/31 12:36:31.263] - net_version
[2025/01/31 12:36:31.266] - eth_getBlockByNumber
[2025/01/31 12:36:31.269] - eth_getBlockByNumber
[2025/01/31 12:36:31.271] - net_version
[2025/01/31 12:36:31.273] - eth_getBlockByNumber
[2025/01/31 12:36:31.277] - eth_estimateGas
[2025/01/31 12:36:31.297] - net_version
[2025/01/31 12:36:31.297] - eth_blockNumber
[2025/01/31 12:36:31.299] - eth_getBlockByNumber
[2025/01/31 12:36:31.301] - eth_sendTransaction
[2025/01/31 12:36:31.303] - eth_call
[2025/01/31 12:37:26.485] - eth_blockNumber
[2025/01/31 12:37:26.492] - net_version
[2025/01/31 12:37:26.494] - eth_accounts
[2025/01/31 12:37:26.501] - eth_getBlockByNumber
[2025/01/31 12:37:26.505] - eth_accounts
[2025/01/31 12:37:26.519] - net_version
[2025/01/31 12:37:26.520] - eth_getBlockByNumber
[2025/01/31 12:37:26.522] - eth_getBlockByNumber
[2025/01/31 12:37:26.524] - net_version
[2025/01/31 12:37:26.526] - eth_getBlockByNumber
[2025/01/31 12:37:26.541] - net_version
[2025/01/31 12:37:26.542] - eth_blockNumber
[2025/01/31 12:37:26.542] - eth_getBlockByNumber
[2025/01/31 12:38:04.981] - eth_blockNumber
[2025/01/31 12:38:04.989] - net_version
[2025/01/31 12:38:04.991] - eth_accounts
[2025/01/31 12:38:04.996] - eth_getBlockByNumber
[2025/01/31 12:38:05.000] - eth_accounts
[2025/01/31 12:38:05.015] - net_version
[2025/01/31 12:38:05.017] - eth_getBlockByNumber
[2025/01/31 12:38:05.019] - eth_getBlockByNumber
[2025/01/31 12:38:05.022] - net_version
[2025/01/31 12:38:05.025] - eth_getBlockByNumber
[2025/01/31 12:38:05.030] - eth_estimateGas
[2025/01/31 12:38:05.064] - net_version
[2025/01/31 12:38:05.064] - eth_blockNumber
[2025/01/31 12:38:05.066] - eth_getBlockByNumber
[2025/01/31 12:38:05.069] - eth_sendTransaction
[2025/01/31 12:38:05.082] - eth_call
[2025/01/31 12:39:11.037] - eth_blockNumber
[2025/01/31 12:39:11.044] - net_version
[2025/01/31 12:39:11.046] - eth_accounts
[2025/01/31 12:39:11.052] - eth_getBlockByNumber
[2025/01/31 12:39:11.055] - eth_accounts
[2025/01/31 12:39:11.068] - net_version
[2025/01/31 12:39:11.070] - eth_getBlockByNumber
[2025/01/31 12:39:11.071] - eth_getBlockByNumber
[2025/01/31 12:39:11.074] - net_version
[2025/01/31 12:39:11.075] - eth_getBlockByNumber
[2025/01/31 12:39:11.080] - eth_estimateGas
[2025/01/31 12:39:11.102] - net_version
[2025/01/31 12:39:11.102] - eth_blockNumber
[2025/01/31 12:39:11.104] - eth_getBlockByNumber
[2025/01/31 12:39:11.107] - eth_sendTransaction
[2025/01/31 12:39:11.121] - eth_call
[2025/01/31 12:42:10.667] - eth_blockNumber
[2025/01/31 12:42:10.675] - net_version
[2025/01/31 12:42:10.678] - eth_accounts
[2025/01/31 12:42:10.684] - eth_getBlockByNumber
[2025/01/31 12:42:10.688] - eth_accounts
[2025/01/31 12:42:10.702] - net_version
[2025/01/31 12:42:10.705] - eth_getBlockByNumber
[2025/01/31 12:42:10.708] - eth_getBlockByNumber
[2025/01/31 12:42:10.711] - net_version
[2025/01/31 12:42:10.714] - eth_getBlockByNumber
[2025/01/31 12:42:10.719] - eth_estimateGas
[2025/01/31 12:42:10.748] - net_version
[2025/01/31 12:42:10.748] - eth_blockNumber
[2025/01/31 12:42:10.750] - eth_getBlockByNumber
[2025/01/31 12:42:10.752] - eth_sendTransaction
[2025/01/31 12:42:10.768] - eth_call
[2025/01/31 12:43:42.792] - eth_blockNumber
[2025/01/31 12:43:42.800] - net_version
[2025/01/31 12:43:42.803] - eth_accounts
[2025/01/31 12:43:42.809] - eth_getBlockByNumber
[2025/01/31 12:43:42.813] - eth_accounts
[2025/01/31 12:43:42.827] - net_version
[2025/01/31 12:43:42.830] - eth_getBlockByNumber
[2025/01/31 12:43:42.832] - eth_getBlockByNumber
[2025/01/31 12:43:42.836] - net_version
[2025/01/31 12:43:42.838] - eth_getBlockByNumber
[2025/01/31 12:43:42.843] - eth_estimateGas
[2025/01/31 12:43:42.870] - net_version
[2025/01/31 12:43:42.871] - eth_blockNumber
[2025/01/31 12:43:42.872] - eth_getBlockByNumber
[2025/01/31 12:43:42.875] - eth_sendTransaction
[2025/01/31 12:43:42.892] - eth_call
[2025/01/31 12:44:45.139] - eth_blockNumber
[2025/01/31 12:44:45.147] - net_version
[2025/01/31 12:44:45.149] - eth_accounts
[2025/01/31 12:44:45.155] - eth_getBlockByNumber
[2025/01/31 12:44:45.158] - eth_accounts
[2025/01/31 12:44:45.170] - net_version
[2025/01/31 12:44:45.172] - eth_getBlockByNumber
[2025/01/31 12:44:45.174] - eth_getBlockByNumber
[2025/01/31 12:44:45.177] - net_version
[2025/01/31 12:44:45.180] - eth_getBlockByNumber
[2025/01/31 12:44:45.186] - eth_estimateGas
[2025/01/31 12:44:45.220] - net_version
[2025/01/31 12:44:45.221] - eth_blockNumber
[2025/01/31 12:44:45.223] - eth_getBlockByNumber
[2025/01/31 12:44:45.226] - eth_sendTransaction
[2025/01/31 12:44:45.240] - eth_call
[2025/01/31 12:45:15.432] - eth_blockNumber
[2025/01/31 12:45:15.441] - net_version
[2025/01/31 12:45:15.443] - eth_accounts
[2025/01/31 12:45:15.449] - eth_getBlockByNumber
[2025/01/31 12:45:15.452] - eth_accounts
[2025/01/31 12:45:15.466] - net_version
[2025/01/31 12:45:15.468] - eth_getBlockByNumber
[2025/01/31 12:45:15.470] - eth_getBlockByNumber
[2025/01/31 12:45:15.473] - net_version
[2025/01/31 12:45:15.476] - eth_getBlockByNumber
[2025/01/31 12:45:15.481] - eth_estimateGas
[2025/01/31 12:45:15.513] - net_version
[2025/01/31 12:45:15.514] - eth_blockNumber
[2025/01/31 12:45:15.515] - eth_getBlockByNumber
[2025/01/31 12:45:15.518] - eth_sendTransaction
[2025/01/31 12:45:15.520] - eth_call
[2025/01/31 12:45:35.916] - eth_getBlockByNumber
[2025/01/31 12:45:35.937] - eth_getLogs
[2025/01/31 12:46:38.497] - eth_blockNumber
[2025/01/31 12:46:38.504] - net_version
[2025/01/31 12:46:38.506] - eth_accounts
[2025/01/31 12:46:38.513] - eth_getBlockByNumber
[2025/01/31 12:46:38.517] - eth_accounts
[2025/01/31 12:46:38.531] - net_version
[2025/01/31 12:46:38.533] - eth_getBlockByNumber
[2025/01/31 12:46:38.534] - eth_getBlockByNumber
[2025/01/31 12:46:38.537] - net_version
[2025/01/31 12:46:38.539] - eth_getBlockByNumber
[2025/01/31 12:46:38.545] - eth_estimateGas
[2025/01/31 12:46:38.575] - net_version
[2025/01/31 12:46:38.576] - eth_blockNumber
[2025/01/31 12:46:38.576] - eth_getBlockByNumber
[2025/01/31 12:46:38.579] - eth_sendTransaction
[2025/01/31 12:46:38.584] - eth_call
[2025/01/31 12:47:44.303] - eth_blockNumber
[2025/01/31 12:47:44.310] - net_version
[2025/01/31 12:47:44.312] - eth_accounts
[2025/01/31 12:47:44.317] - eth_getBlockByNumber
[2025/01/31 12:47:44.321] - eth_accounts
[2025/01/31 12:47:44.334] - net_version
[2025/01/31 12:47:44.336] - eth_getBlockByNumber
[2025/01/31 12:47:44.338] - eth_getBlockByNumber
[2025/01/31 12:47:44.340] - net_version
[2025/01/31 12:47:44.342] - eth_getBlockByNumber
[2025/01/31 12:47:44.348] - eth_estimateGas
[2025/01/31 12:47:44.373] - net_version
[2025/01/31 12:47:44.374] - eth_blockNumber
[2025/01/31 12:47:44.375] - eth_getBlockByNumber
[2025/01/31 12:47:44.377] - eth_sendTransaction
[2025/01/31 12:47:44.391] - 
  Transaction: 0xc7a322a4cf615808da702ae3a5824859a7662a3e8b718351eea27fe351171a82
  Contract created: 0x8cbf273fbf199ab2127f17af22102ae5c85170f9
  Gas usage: 458865
  Block number: 1
  Block time: Fri Jan 31 2025 12:47:44 GMT+0000 (Greenwich Mean Time)

[2025/01/31 12:47:44.395] - eth_getTransactionReceipt
[2025/01/31 12:47:44.398] - eth_getCode
[2025/01/31 12:47:44.401] - eth_getBlockByNumber
[2025/01/31 12:47:44.404] - eth_getTransactionByHash
[2025/01/31 12:47:44.407] - eth_getBlockByNumber
[2025/01/31 12:47:44.409] - eth_getBalance
[2025/01/31 12:47:44.409] - eth_getBalance
[2025/01/31 12:47:44.416] - eth_getTransactionCount
[2025/01/31 12:47:44.423] - eth_getBalance
[2025/01/31 12:47:44.428] - eth_getTransactionCount
[2025/01/31 12:47:44.434] - eth_getBalance
[2025/01/31 12:47:44.439] - eth_getTransactionCount
[2025/01/31 12:48:35.616] - eth_blockNumber
[2025/01/31 12:48:35.624] - net_version
[2025/01/31 12:48:35.626] - eth_accounts
[2025/01/31 12:48:35.632] - eth_getBlockByNumber
[2025/01/31 12:48:35.636] - eth_accounts
[2025/01/31 12:48:35.650] - eth_getBlockByNumber
[2025/01/31 12:48:35.653] - eth_getBlockByNumber
[2025/01/31 12:48:35.655] - eth_getBlockByNumber
[2025/01/31 12:48:35.660] - eth_estimateGas
[2025/01/31 12:48:35.689] - eth_getBlockByNumber
[2025/01/31 12:48:35.691] - eth_blockNumber
[2025/01/31 12:48:35.692] - eth_sendTransaction
[2025/01/31 12:48:35.699] - 
  Transaction: 0x69ef50cb2da83217c4188ecb1d4c3c12a9ee3e45b87d5b6096fd35314b6b87f2
  Contract created: 0x0f62b4758afb70b0a99b5e19e5bd2479f4b28179
  Gas usage: 458865
  Block number: 2
  Block time: Fri Jan 31 2025 12:48:35 GMT+0000 (Greenwich Mean Time)

[2025/01/31 12:48:35.702] - eth_getBlockByNumber
[2025/01/31 12:48:35.702] - eth_getTransactionReceipt
[2025/01/31 12:48:35.705] - eth_getCode
[2025/01/31 12:48:35.710] - eth_getTransactionByHash
[2025/01/31 12:48:35.712] - eth_getBlockByNumber
[2025/01/31 12:48:35.714] - eth_getBalance
[2025/01/31 12:48:35.717] - eth_getBalance
[2025/01/31 12:48:35.722] - eth_getTransactionCount
[2025/01/31 12:48:35.727] - eth_getBlockByNumber
[2025/01/31 12:48:35.728] - eth_getBalance
[2025/01/31 12:48:35.729] - eth_accounts
[2025/01/31 12:48:35.732] - eth_getTransactionCount
[2025/01/31 12:48:35.737] - eth_getBalance
[2025/01/31 12:48:35.739] - net_version
[2025/01/31 12:48:35.740] - eth_getBlockByNumber
[2025/01/31 12:48:35.742] - eth_getBlockByNumber
[2025/01/31 12:48:35.744] - net_version
[2025/01/31 12:48:35.745] - eth_getTransactionCount
[2025/01/31 12:48:35.746] - eth_getBlockByNumber
[2025/01/31 12:48:35.748] - eth_estimateGas
[2025/01/31 12:48:35.760] - net_version
[2025/01/31 12:48:35.761] - eth_blockNumber
[2025/01/31 12:48:35.761] - eth_getBlockByNumber
[2025/01/31 12:48:35.763] - eth_sendTransaction
[2025/01/31 12:48:35.772] - 
  Transaction: 0x98760884fc568502d677af14526e4af3e165d75bf68c5bc6343445a1eff80ef2
  Contract created: 0x22533367297d96bd343c811ba8416f7a04a8c1e5
  Gas usage: 714791
  Block number: 3
  Block time: Fri Jan 31 2025 12:48:35 GMT+0000 (Greenwich Mean Time)

[2025/01/31 12:48:35.774] - eth_getTransactionReceipt
[2025/01/31 12:48:35.775] - eth_getBlockByNumber
[2025/01/31 12:48:35.777] - eth_getCode
[2025/01/31 12:48:35.779] - eth_getTransactionByHash
[2025/01/31 12:48:35.781] - eth_getBlockByNumber
[2025/01/31 12:48:35.782] - eth_getBalance
[2025/01/31 12:48:35.959] - eth_getBalance
[2025/01/31 12:48:35.964] - eth_getTransactionCount
[2025/01/31 12:48:35.970] - eth_getBalance
[2025/01/31 12:48:35.974] - eth_getTransactionCount
[2025/01/31 12:49:43.970] - eth_blockNumber
[2025/01/31 12:49:43.978] - net_version
[2025/01/31 12:49:43.980] - eth_accounts
[2025/01/31 12:49:43.987] - eth_getBlockByNumber
[2025/01/31 12:49:43.991] - eth_accounts
[2025/01/31 12:49:44.004] - eth_getBlockByNumber
[2025/01/31 12:49:44.007] - eth_getBlockByNumber
[2025/01/31 12:49:44.009] - eth_getBlockByNumber
[2025/01/31 12:49:44.014] - eth_estimateGas
[2025/01/31 12:49:44.038] - eth_getBlockByNumber
[2025/01/31 12:49:44.039] - eth_blockNumber
[2025/01/31 12:49:44.041] - eth_sendTransaction
[2025/01/31 12:49:44.047] - 
  Transaction: 0x1b37b116b513d3a32b679e1effe415ad37b12cf294f2e1b675d75855a58cbf09
  Contract created: 0xd2e0d2d1f5d503a39816dc662f1fb295edffa821
  Gas usage: 458865
  Block number: 4
  Block time: Fri Jan 31 2025 12:49:44 GMT+0000 (Greenwich Mean Time)

[2025/01/31 12:49:44.049] - eth_getBlockByNumber
[2025/01/31 12:49:44.050] - eth_getTransactionReceipt
[2025/01/31 12:49:44.053] - eth_getCode
[2025/01/31 12:49:44.057] - eth_getTransactionByHash
[2025/01/31 12:49:44.060] - eth_getBlockByNumber
[2025/01/31 12:49:44.061] - eth_getBalance
[2025/01/31 12:49:44.067] - eth_getBalance
[2025/01/31 12:49:44.074] - eth_getTransactionCount
[2025/01/31 12:49:44.074] - eth_getBlockByNumber
[2025/01/31 12:49:44.076] - eth_accounts
[2025/01/31 12:49:44.079] - eth_getBalance
[2025/01/31 12:49:44.084] - eth_getTransactionCount
[2025/01/31 12:49:44.086] - eth_getBlockByNumber
[2025/01/31 12:49:44.087] - eth_getBlockByNumber
[2025/01/31 12:49:44.088] - eth_getBlockByNumber
[2025/01/31 12:49:44.090] - eth_getBalance
[2025/01/31 12:49:44.091] - eth_estimateGas
[2025/01/31 12:49:44.095] - eth_getTransactionCount
[2025/01/31 12:49:44.100] - eth_getBlockByNumber
[2025/01/31 12:49:44.101] - eth_blockNumber
[2025/01/31 12:49:44.102] - eth_sendTransaction
[2025/01/31 12:49:44.108] - 
  Transaction: 0x09b333cdd3aa48bfba091b28f7d1f3c7903384aaba56f9e5f5210f04222a14c4
  Contract created: 0xbe8beee4b6568c6bbaf5147909404952740a436f
  Gas usage: 714791
  Block number: 5
  Block time: Fri Jan 31 2025 12:49:44 GMT+0000 (Greenwich Mean Time)

[2025/01/31 12:49:44.110] - eth_getTransactionReceipt
[2025/01/31 12:49:44.111] - eth_getCode
[2025/01/31 12:49:44.114] - eth_getTransactionByHash
[2025/01/31 12:49:44.118] - eth_getBlockByNumber
[2025/01/31 12:49:44.120] - eth_getBalance
[2025/01/31 12:49:44.128] - eth_getBlockByNumber
[2025/01/31 12:49:44.131] - eth_getBlockByNumber
[2025/01/31 12:49:44.133] - eth_accounts
[2025/01/31 12:49:44.144] - net_version
[2025/01/31 12:49:44.146] - eth_getBlockByNumber
[2025/01/31 12:49:44.147] - eth_getBlockByNumber
[2025/01/31 12:49:44.149] - net_version
[2025/01/31 12:49:44.149] - eth_getBlockByNumber
[2025/01/31 12:49:44.152] - eth_estimateGas
[2025/01/31 12:49:44.161] - net_version
[2025/01/31 12:49:44.162] - eth_blockNumber
[2025/01/31 12:49:44.163] - eth_getBlockByNumber
[2025/01/31 12:49:44.164] - eth_sendTransaction
[2025/01/31 12:49:44.171] - 
  Transaction: 0x0ddd0d22026511da06ef667e5221e8a527e1fb961d9dc32aea19618452a53927
  Contract created: 0x4c716f7584b6de85bad095af5f1e34a7fbf861e9
  Gas usage: 1723460
  Block number: 6
  Block time: Fri Jan 31 2025 12:49:44 GMT+0000 (Greenwich Mean Time)

[2025/01/31 12:49:44.173] - eth_getTransactionReceipt
[2025/01/31 12:49:44.175] - eth_getCode
[2025/01/31 12:49:44.177] - eth_getTransactionByHash
[2025/01/31 12:49:44.178] - eth_getBlockByNumber
[2025/01/31 12:49:44.178] - eth_getBlockByNumber
[2025/01/31 12:49:44.180] - eth_getBalance
[2025/01/31 12:49:44.271] - eth_getBalance
[2025/01/31 12:49:44.277] - eth_getTransactionCount
[2025/01/31 12:49:44.282] - eth_getBalance
[2025/01/31 12:49:44.288] - eth_getTransactionCount
[2025/01/31 12:49:44.294] - eth_getBalance
[2025/01/31 12:49:44.300] - eth_getTransactionCount
[2025/01/31 12:49:44.306] - eth_getBalance
[2025/01/31 12:49:44.313] - eth_getTransactionCount
[2025/01/31 12:49:44.318] - eth_getBalance
[2025/01/31 12:49:44.325] - eth_getTransactionCount
[2025/01/31 12:49:44.330] - eth_getBalance
[2025/01/31 12:49:44.338] - eth_getTransactionCount
[2025/01/31 12:49:44.616] - eth_getBalance
[2025/01/31 12:49:44.627] - eth_getTransactionCount
[2025/01/31 12:49:44.646] - eth_getBalance
[2025/01/31 12:49:44.656] - eth_getTransactionCount
[2025/01/31 12:49:44.664] - eth_getBalance
[2025/01/31 12:49:44.675] - eth_getTransactionCount
[2025/01/31 12:49:44.684] - eth_getBalance
[2025/01/31 12:49:44.693] - eth_getTransactionCount
[2025/01/31 12:49:44.702] - eth_getBalance
[2025/01/31 12:49:44.711] - eth_getTransactionCount
[2025/01/31 12:49:44.718] - eth_getBalance
[2025/01/31 12:49:44.727] - eth_getTransactionCount
[2025/01/31 12:51:06.209] - eth_unsubscribe
[2025/01/31 12:51:06.210] - eth_unsubscribe
