[2025/01/31 13:51:41.042] - Starting server with initial configuration: {"gasLimit":6721975,"gasPrice":20000000000,"hardfork":"merge","hostname":"127.0.0.1","port":7545,"network_id":5777,"default_balance_ether":100,"total_accounts":3,"unlocked_accounts":[],"locked":false,"vmErrorsOnRPCResponse":true,"verbose":false,"flavor":"ethereum","db_path":"C:\\Users\\neilg\\AppData\\Roaming\\Ganache\\ui\\workspaces\\project4\\chaindata","mnemonic":"portion few target intact crazy trip coin modify meat grow embrace question","logDirectory":"E:\\GitHub\\chainstaterealty\\ganache_logs"}
[2025/01/31 13:51:41.191] - eth_getCode
[2025/01/31 13:51:41.192] - eth_subscribe
[2025/01/31 13:51:41.192] - eth_getLogs
[2025/01/31 13:51:41.193] - eth_subscribe
[2025/01/31 13:51:41.207] - eth_getCode
[2025/01/31 13:51:41.213] - eth_getCode
[2025/01/31 13:51:41.282] - eth_getCode
[2025/01/31 13:51:41.282] - eth_subscribe
[2025/01/31 13:51:41.282] - eth_getLogs
[2025/01/31 13:51:41.283] - eth_subscribe
[2025/01/31 13:51:41.285] - eth_getCode
[2025/01/31 13:51:41.287] - eth_getCode
[2025/01/31 13:51:41.364] - eth_getBlockByNumber
[2025/01/31 13:51:41.365] - eth_subscribe
[2025/01/31 13:51:41.399] - eth_blockNumber
[2025/01/31 13:51:41.400] - eth_accounts
[2025/01/31 13:51:41.400] - eth_gasPrice
[2025/01/31 13:51:41.400] - eth_getBlockByNumber
[2025/01/31 13:51:41.401] - eth_subscribe
[2025/01/31 13:51:41.401] - eth_blockNumber
[2025/01/31 13:51:41.401] - eth_accounts
[2025/01/31 13:51:41.402] - eth_gasPrice
[2025/01/31 13:51:41.421] - eth_accounts
[2025/01/31 13:51:41.477] - eth_getBalance
[2025/01/31 13:51:41.482] - eth_getTransactionCount
[2025/01/31 13:51:41.490] - eth_getBalance
[2025/01/31 13:51:41.497] - eth_getTransactionCount
[2025/01/31 13:51:41.503] - eth_getBalance
[2025/01/31 13:51:41.508] - eth_getTransactionCount
[2025/01/31 13:51:41.522] - eth_getBalance
[2025/01/31 13:51:41.528] - eth_getTransactionCount
[2025/01/31 13:51:41.534] - eth_getBalance
[2025/01/31 13:51:41.538] - eth_getTransactionCount
[2025/01/31 13:51:41.546] - eth_getBalance
[2025/01/31 13:51:41.550] - eth_getTransactionCount
[2025/01/31 13:51:41.555] - eth_getBalance
[2025/01/31 13:51:41.561] - eth_getTransactionCount
[2025/01/31 13:51:41.566] - eth_getBalance
[2025/01/31 13:51:41.571] - eth_getTransactionCount
[2025/01/31 13:51:41.579] - eth_getBalance
[2025/01/31 13:51:41.586] - eth_getTransactionCount
[2025/01/31 13:51:41.643] - eth_getBalance
[2025/01/31 13:51:41.647] - eth_getTransactionCount
[2025/01/31 13:51:41.651] - eth_getBalance
[2025/01/31 13:51:41.657] - eth_getTransactionCount
[2025/01/31 13:51:41.661] - eth_getBalance
[2025/01/31 13:51:41.665] - eth_getTransactionCount
[2025/01/31 13:52:47.375] - eth_getBalance
[2025/01/31 13:52:47.412] - eth_getTransactionReceipt
[2025/01/31 13:52:47.437] - eth_getBlockByNumber
[2025/01/31 13:52:47.519] - net_version
[2025/01/31 13:52:47.521] - eth_getCode
[2025/01/31 13:52:47.565] - net_version
[2025/01/31 13:52:47.566] - eth_getCode
[2025/01/31 13:52:47.567] - eth_getBlockByNumber
[2025/01/31 13:52:47.569] - eth_getBalance
[2025/01/31 13:52:47.571] - eth_getTransactionCount
[2025/01/31 13:52:47.573] - eth_getStorageAt
[2025/01/31 14:02:10.234] - eth_blockNumber
[2025/01/31 14:02:10.242] - net_version
[2025/01/31 14:02:10.245] - eth_accounts
[2025/01/31 14:02:10.251] - eth_getBlockByNumber
[2025/01/31 14:02:10.255] - eth_accounts
[2025/01/31 14:02:10.269] - eth_getBlockByNumber
[2025/01/31 14:02:10.271] - eth_getBlockByNumber
[2025/01/31 14:02:10.273] - eth_getBlockByNumber
[2025/01/31 14:02:10.278] - eth_estimateGas
[2025/01/31 14:02:10.326] - eth_getBlockByNumber
[2025/01/31 14:02:10.327] - eth_blockNumber
[2025/01/31 14:02:10.329] - eth_sendTransaction
[2025/01/31 14:02:10.348] - 
  Transaction: 0x1de12828a3f72bd39ea52a70b66f9eac6a67cbc016057b521bd4eaafb9900534
  Contract created: 0x25ec8c510249ec0653617ba369f8d22358140f3f
  Gas usage: 499210
  Block number: 7
  Block time: Fri Jan 31 2025 14:02:10 GMT+0000 (Greenwich Mean Time)

[2025/01/31 14:02:10.352] - eth_getTransactionReceipt
[2025/01/31 14:02:10.353] - eth_getBlockByNumber
[2025/01/31 14:02:10.354] - eth_getCode
[2025/01/31 14:02:10.359] - eth_getTransactionByHash
[2025/01/31 14:02:10.361] - eth_getBlockByNumber
[2025/01/31 14:02:10.363] - eth_getBalance
[2025/01/31 14:02:10.374] - eth_getBalance
[2025/01/31 14:02:10.376] - eth_getBlockByNumber
[2025/01/31 14:02:10.379] - eth_accounts
[2025/01/31 14:02:10.380] - eth_getTransactionCount
[2025/01/31 14:02:10.385] - eth_getBalance
[2025/01/31 14:02:10.389] - eth_getBlockByNumber
[2025/01/31 14:02:10.390] - eth_getTransactionCount
[2025/01/31 14:02:10.391] - eth_getBlockByNumber
[2025/01/31 14:02:10.392] - eth_getBlockByNumber
[2025/01/31 14:02:10.394] - eth_estimateGas
[2025/01/31 14:02:10.395] - eth_getBalance
[2025/01/31 14:02:10.401] - eth_getTransactionCount
[2025/01/31 14:02:10.412] - eth_getBlockByNumber
[2025/01/31 14:02:10.413] - eth_blockNumber
[2025/01/31 14:02:10.414] - eth_sendTransaction
[2025/01/31 14:02:10.425] - 
  Transaction: 0x332e4faa6b298baa7df9d149e2d34b6546c36b353850622ac51d5cf0e79d597c
  Contract created: 0x77c1ae84eecebc2bb56e7495e4055e0bf8ae0e4a
  Gas usage: 714791
  Block number: 8
  Block time: Fri Jan 31 2025 14:02:10 GMT+0000 (Greenwich Mean Time)

[2025/01/31 14:02:10.427] - eth_getBlockByNumber
[2025/01/31 14:02:10.427] - eth_getTransactionReceipt
[2025/01/31 14:02:10.430] - eth_getCode
[2025/01/31 14:02:10.432] - eth_getTransactionByHash
[2025/01/31 14:02:10.435] - eth_getBlockByNumber
[2025/01/31 14:02:10.437] - eth_getBalance
[2025/01/31 14:02:10.448] - eth_getBlockByNumber
[2025/01/31 14:02:10.450] - eth_accounts
[2025/01/31 14:02:10.461] - eth_getBlockByNumber
[2025/01/31 14:02:10.463] - eth_getBlockByNumber
[2025/01/31 14:02:10.464] - eth_getBlockByNumber
[2025/01/31 14:02:10.466] - eth_estimateGas
[2025/01/31 14:02:10.478] - eth_getBlockByNumber
[2025/01/31 14:02:10.479] - eth_blockNumber
[2025/01/31 14:02:10.480] - eth_sendTransaction
[2025/01/31 14:02:10.488] - 
  Transaction: 0xcecf23d10033ffa96104c10bf9c6bc3e81084d2985e899d0f5d3c28f44ea7b51
  Contract created: 0xa2a50cf6ffb7860c28ecdbf8baba48530c5874c8
  Gas usage: 1723460
  Block number: 9
  Block time: Fri Jan 31 2025 14:02:10 GMT+0000 (Greenwich Mean Time)

[2025/01/31 14:02:10.490] - eth_getBlockByNumber
[2025/01/31 14:02:10.491] - eth_getTransactionReceipt
[2025/01/31 14:02:10.492] - eth_getCode
[2025/01/31 14:02:10.495] - eth_getTransactionByHash
[2025/01/31 14:02:10.496] - eth_getBlockByNumber
[2025/01/31 14:02:10.497] - eth_getBalance
[2025/01/31 14:02:10.512] - eth_getBlockByNumber
[2025/01/31 14:02:10.514] - eth_accounts
[2025/01/31 14:02:10.524] - eth_getBlockByNumber
[2025/01/31 14:02:10.526] - eth_getBlockByNumber
[2025/01/31 14:02:10.528] - eth_getBlockByNumber
[2025/01/31 14:02:10.531] - eth_estimateGas
[2025/01/31 14:02:10.554] - eth_getBlockByNumber
[2025/01/31 14:02:10.554] - eth_blockNumber
[2025/01/31 14:02:10.556] - eth_sendTransaction
[2025/01/31 14:02:10.560] - eth_getBalance
[2025/01/31 14:02:10.568] - eth_getTransactionCount
[2025/01/31 14:02:10.569] - 
  Transaction: 0x07263d3f0e4ea751c862577bcd15a5d929c842576245cfe69ab0017b67aa6d5d
  Contract created: 0xac4105fdb50254eeda1aefa982261d62b9abacdb
  Gas usage: 499210
  Block number: 10
  Block time: Fri Jan 31 2025 14:02:10 GMT+0000 (Greenwich Mean Time)

[2025/01/31 14:02:10.572] - eth_getTransactionReceipt
[2025/01/31 14:02:10.573] - eth_getBlockByNumber
[2025/01/31 14:02:10.573] - eth_getBalance
[2025/01/31 14:02:10.576] - eth_getCode
[2025/01/31 14:02:10.579] - eth_getTransactionByHash
[2025/01/31 14:02:10.581] - eth_getTransactionCount
[2025/01/31 14:02:10.582] - eth_getBlockByNumber
[2025/01/31 14:02:10.584] - eth_getBalance
[2025/01/31 14:02:10.589] - eth_getBalance
[2025/01/31 14:02:10.596] - eth_getTransactionCount
[2025/01/31 14:02:10.601] - eth_getBalance
[2025/01/31 14:02:10.612] - eth_getTransactionCount
[2025/01/31 14:02:10.622] - eth_getBalance
[2025/01/31 14:02:10.645] - eth_getTransactionCount
[2025/01/31 14:02:10.658] - eth_getBalance
[2025/01/31 14:02:10.673] - eth_getTransactionCount
[2025/01/31 14:02:10.732] - eth_getTransactionCount
[2025/01/31 14:02:10.739] - eth_getBalance
[2025/01/31 14:02:10.744] - eth_getTransactionCount
[2025/01/31 14:02:10.751] - eth_getBalance
[2025/01/31 14:02:10.756] - eth_getTransactionCount
[2025/01/31 14:02:10.764] - eth_getTransactionCount
[2025/01/31 14:02:10.777] - eth_getBalance
[2025/01/31 14:02:10.787] - eth_getTransactionCount
[2025/01/31 14:02:10.794] - eth_getBalance
[2025/01/31 14:02:10.801] - eth_getTransactionCount
[2025/01/31 14:02:11.015] - eth_getBalance
[2025/01/31 14:02:11.025] - eth_getTransactionCount
[2025/01/31 14:02:11.033] - eth_getBalance
[2025/01/31 14:02:11.043] - eth_getTransactionCount
[2025/01/31 14:02:21.927] - eth_getBalance
[2025/01/31 14:02:21.980] - eth_getTransactionReceipt
[2025/01/31 14:02:22.014] - eth_getBlockByNumber
[2025/01/31 14:02:22.072] - net_version
[2025/01/31 14:02:22.074] - eth_getCode
[2025/01/31 14:02:22.118] - net_version
[2025/01/31 14:02:22.119] - eth_getCode
[2025/01/31 14:02:22.120] - eth_getBlockByNumber
[2025/01/31 14:02:22.124] - eth_getBalance
[2025/01/31 14:02:22.126] - eth_getTransactionCount
[2025/01/31 14:02:22.127] - eth_getStorageAt
[2025/01/31 14:02:38.570] - eth_getBlockByNumber
[2025/01/31 14:02:38.639] - eth_getBlockByNumber
[2025/01/31 14:02:38.666] - eth_getTransactionReceipt
[2025/01/31 14:02:38.700] - eth_getBlockByNumber
[2025/01/31 14:02:38.727] - eth_getTransactionReceipt
[2025/01/31 14:02:38.760] - eth_getBlockByNumber
[2025/01/31 14:02:38.804] - eth_getTransactionReceipt
[2025/01/31 14:02:38.838] - eth_getBlockByNumber
[2025/01/31 14:02:38.862] - eth_getTransactionReceipt
[2025/01/31 14:02:38.896] - eth_getBlockByNumber
[2025/01/31 14:02:38.921] - eth_getTransactionReceipt
[2025/01/31 14:02:38.958] - eth_getBlockByNumber
[2025/01/31 14:02:38.983] - eth_getTransactionReceipt
[2025/01/31 14:02:39.016] - eth_getBlockByNumber
[2025/01/31 14:02:39.041] - eth_getTransactionReceipt
[2025/01/31 14:02:39.073] - eth_getBlockByNumber
[2025/01/31 14:02:39.097] - eth_getTransactionReceipt
[2025/01/31 14:02:39.130] - eth_getBlockByNumber
[2025/01/31 14:02:39.155] - eth_getTransactionReceipt
[2025/01/31 14:02:39.188] - eth_getBlockByNumber
[2025/01/31 14:02:49.951] - eth_getBlockByNumber
[2025/01/31 14:02:49.995] - eth_getBlockTransactionCountByHash
[2025/01/31 14:02:50.025] - eth_getBlockByNumber
[2025/01/31 14:02:50.053] - eth_getBlockTransactionCountByHash
[2025/01/31 14:02:50.080] - eth_getBlockByNumber
[2025/01/31 14:02:50.105] - eth_getBlockTransactionCountByHash
[2025/01/31 14:02:50.131] - eth_getBlockByNumber
[2025/01/31 14:02:50.172] - eth_getBlockTransactionCountByHash
[2025/01/31 14:02:50.200] - eth_getBlockTransactionCountByHash
[2025/01/31 14:02:50.225] - eth_getBlockByNumber
[2025/01/31 14:02:50.252] - eth_getBlockTransactionCountByHash
[2025/01/31 14:02:50.278] - eth_getBlockByNumber
[2025/01/31 14:02:50.306] - eth_getBlockTransactionCountByHash
[2025/01/31 14:02:50.344] - eth_getBlockByNumber
[2025/01/31 14:02:50.372] - eth_getBlockTransactionCountByHash
[2025/01/31 14:02:50.397] - eth_getBlockByNumber
[2025/01/31 14:02:50.422] - eth_getBlockTransactionCountByHash
[2025/01/31 14:02:50.447] - eth_getBlockByNumber
[2025/01/31 14:02:50.471] - eth_getBlockTransactionCountByHash
[2025/01/31 14:02:50.496] - eth_getBlockTransactionCountByHash
[2025/01/31 15:19:50.684] - eth_call
[2025/01/31 15:20:07.439] - eth_call
[2025/01/31 15:20:19.984] - eth_unsubscribe
[2025/01/31 15:20:19.984] - eth_unsubscribe
