[2025/02/05 19:07:17.356] - Starting server with initial configuration: {"gasLimit":6721975,"gasPrice":20000000000,"hardfork":"merge","hostname":"127.0.0.1","port":7545,"network_id":5777,"default_balance_ether":100,"total_accounts":3,"unlocked_accounts":[],"locked":false,"vmErrorsOnRPCResponse":true,"verbose":false,"flavor":"ethereum","db_path":"C:\\Users\\neilg\\AppData\\Roaming\\Ganache\\ui\\workspaces\\project4\\chaindata","mnemonic":"portion few target intact crazy trip coin modify meat grow embrace question","logDirectory":"E:\\GitHub\\chainstaterealty\\ganache_logs"}
[2025/02/05 19:07:17.501] - eth_getCode
[2025/02/05 19:07:17.503] - eth_subscribe
[2025/02/05 19:07:17.503] - eth_getLogs
[2025/02/05 19:07:17.505] - eth_subscribe
[2025/02/05 19:07:17.514] - eth_getCode
[2025/02/05 19:07:17.518] - eth_getCode
[2025/02/05 19:07:17.577] - eth_getCode
[2025/02/05 19:07:17.578] - eth_subscribe
[2025/02/05 19:07:17.578] - eth_getLogs
[2025/02/05 19:07:17.579] - eth_subscribe
[2025/02/05 19:07:17.581] - eth_getCode
[2025/02/05 19:07:17.583] - eth_getCode
[2025/02/05 19:07:18.321] - eth_blockNumber
[2025/02/05 19:07:18.321] - eth_accounts
[2025/02/05 19:07:18.322] - eth_gasPrice
[2025/02/05 19:07:18.322] - eth_getBlockByNumber
[2025/02/05 19:07:18.322] - eth_subscribe
[2025/02/05 19:07:18.323] - eth_blockNumber
[2025/02/05 19:07:18.323] - eth_accounts
[2025/02/05 19:07:18.324] - eth_gasPrice
[2025/02/05 19:07:18.324] - eth_getBlockByNumber
[2025/02/05 19:07:18.324] - eth_subscribe
[2025/02/05 19:07:18.343] - eth_accounts
[2025/02/05 19:07:18.412] - eth_getBalance
[2025/02/05 19:07:18.418] - eth_getTransactionCount
[2025/02/05 19:07:18.424] - eth_getBalance
[2025/02/05 19:07:18.433] - eth_getTransactionCount
[2025/02/05 19:07:18.441] - eth_getBalance
[2025/02/05 19:07:18.448] - eth_getTransactionCount
[2025/02/05 19:07:18.465] - eth_getBalance
[2025/02/05 19:07:18.473] - eth_getTransactionCount
[2025/02/05 19:07:18.478] - eth_getBalance
[2025/02/05 19:07:18.483] - eth_getTransactionCount
[2025/02/05 19:07:18.491] - eth_getBalance
[2025/02/05 19:07:18.496] - eth_getTransactionCount
[2025/02/05 19:07:18.501] - eth_getBalance
[2025/02/05 19:07:18.508] - eth_getTransactionCount
[2025/02/05 19:07:18.513] - eth_getBalance
[2025/02/05 19:07:18.518] - eth_getTransactionCount
[2025/02/05 19:07:18.525] - eth_getBalance
[2025/02/05 19:07:18.531] - eth_getTransactionCount
[2025/02/05 19:07:18.609] - eth_getBalance
[2025/02/05 19:07:18.616] - eth_getTransactionCount
[2025/02/05 19:07:18.621] - eth_getBalance
[2025/02/05 19:07:18.626] - eth_getTransactionCount
[2025/02/05 19:07:18.631] - eth_getBalance
[2025/02/05 19:07:18.636] - eth_getTransactionCount
[2025/02/05 19:07:32.184] - eth_call
[2025/02/05 19:07:42.207] - eth_getBlockByNumber
[2025/02/05 19:07:42.235] - eth_getTransactionReceipt
[2025/02/05 19:07:42.258] - eth_getBlockByNumber
[2025/02/05 19:07:42.273] - eth_getTransactionReceipt
[2025/02/05 19:07:42.299] - eth_getBlockByNumber
[2025/02/05 19:07:42.314] - eth_getTransactionReceipt
[2025/02/05 19:07:42.335] - eth_getBlockByNumber
[2025/02/05 19:07:42.349] - eth_getTransactionReceipt
[2025/02/05 19:07:42.366] - eth_getBlockByNumber
[2025/02/05 19:07:42.379] - eth_getTransactionReceipt
[2025/02/05 19:07:42.395] - eth_getBlockByNumber
[2025/02/05 19:07:42.408] - eth_getTransactionReceipt
[2025/02/05 19:07:42.424] - eth_getBlockByNumber
[2025/02/05 19:07:42.436] - eth_getTransactionReceipt
[2025/02/05 19:07:42.460] - eth_getBlockByNumber
[2025/02/05 19:07:42.473] - eth_getTransactionReceipt
[2025/02/05 19:07:42.491] - eth_getBlockByNumber
[2025/02/05 19:07:42.503] - eth_getTransactionReceipt
[2025/02/05 19:07:42.518] - eth_getBlockByNumber
[2025/02/05 19:07:42.533] - eth_getTransactionReceipt
[2025/02/05 19:07:42.550] - eth_getBlockByNumber
[2025/02/05 19:07:51.582] - eth_getBlockByNumber
[2025/02/05 19:07:51.600] - eth_getBlockTransactionCountByHash
[2025/02/05 19:07:51.613] - eth_getBlockByNumber
[2025/02/05 19:07:51.632] - eth_getBlockTransactionCountByHash
[2025/02/05 19:07:51.647] - eth_getBlockByNumber
[2025/02/05 19:07:51.671] - eth_getBlockTransactionCountByHash
[2025/02/05 19:07:51.688] - eth_getBlockByNumber
[2025/02/05 19:07:51.703] - eth_getBlockTransactionCountByHash
[2025/02/05 19:07:51.717] - eth_getBlockByNumber
[2025/02/05 19:07:51.732] - eth_getBlockTransactionCountByHash
[2025/02/05 19:07:51.748] - eth_getBlockByNumber
[2025/02/05 19:07:51.763] - eth_getBlockTransactionCountByHash
[2025/02/05 19:07:51.778] - eth_getBlockByNumber
[2025/02/05 19:07:51.792] - eth_getBlockTransactionCountByHash
[2025/02/05 19:07:51.807] - eth_getBlockByNumber
[2025/02/05 19:07:51.822] - eth_getBlockTransactionCountByHash
[2025/02/05 19:07:51.835] - eth_getBlockByNumber
[2025/02/05 19:07:51.852] - eth_getBlockTransactionCountByHash
[2025/02/05 19:07:51.867] - eth_getBlockByNumber
[2025/02/05 19:07:51.880] - eth_getBlockTransactionCountByHash
[2025/02/05 19:07:51.893] - eth_getBlockByNumber
[2025/02/05 19:07:51.906] - eth_getBlockTransactionCountByHash
[2025/02/05 19:08:09.647] - eth_getLogs
[2025/02/05 19:08:09.714] - net_version
[2025/02/05 19:08:09.716] - eth_getCode
